
[1m[46m RUN [49m[22m [36mv4.1.2 [39m[90mC:/Users/lastm/No Fate Platform/Axis' Iliad[39m

 [31mΓ¥»[39m apps/cli/src/cli.test.ts [2m([22m[2m22 tests[22m[2m | [22m[31m5 failed[39m[2m)[22m[33m 800[2mms[22m[39m
     [32mΓ£ô[39m scans TypeScript and JSON files[32m 19[2mms[22m[39m
     [32mΓ£ô[39m skips node_modules and .git directories[32m 15[2mms[22m[39m
     [32mΓ£ô[39m skips lockfiles[32m 11[2mms[22m[39m
     [32mΓ£ô[39m skips unsupported file extensions[32m 13[2mms[22m[39m
     [32mΓ£ô[39m normalizes paths to forward slashes[32m 10[2mms[22m[39m
     [32mΓ£ô[39m reads file content correctly[32m 7[2mms[22m[39m
     [32mΓ£ô[39m throws for nonexistent directory[32m 4[2mms[22m[39m
     [32mΓ£ô[39m handles empty directory[32m 2[2mms[22m[39m
     [32mΓ£ô[39m scans multiple web-related extensions[32m 59[2mms[22m[39m
[31m     [31m├ù[31m runs full pipeline and produces generator output[39m[33m 442[2mms[22m[39m
     [32mΓ£ô[39m detects project name from package.json[32m 20[2mms[22m[39m
     [32mΓ£ô[39m falls back to directory name when no package.json[32m 34[2mms[22m[39m
     [32mΓ£ô[39m filters generators by program name[32m 26[2mms[22m[39m
[31m     [31m├ù[31m detects monorepo project type[39m[32m 37[2mms[22m[39m
[31m     [31m├ù[31m detects Python frameworks from requirements.txt[39m[32m 13[2mms[22m[39m
     [32mΓ£ô[39m writes generated files to disk[32m 10[2mms[22m[39m
     [32mΓ£ô[39m creates nested directories automatically[32m 13[2mms[22m[39m
     [32mΓ£ô[39m returns correct byte count[32m 4[2mms[22m[39m
     [32mΓ£ô[39m handles empty file list[32m 2[2mms[22m[39m
[31m     [31m├ù[31m full pipeline: scan ΓåÆ run ΓåÆ write[39m[32m 38[2mms[22m[39m
     [32mΓ£ô[39m parseGitHubUrl is available from @axis/snapshots[32m 1[2mms[22m[39m
[31m     [31m├ù[31m run() accepts GitHubFetchResult-shaped scan input[39m[32m 14[2mms[22m[39m
node.exe : 
At line:1 char:1
+ & "C:\Program Files\nodejs/node.exe" "C:\Users\lastm\AppData\Roaming\ ...
+ ~~~~~~~~~~~~~~~~~~~~~~~~~~~~~~~~~~~~~~~~~~~~~~~~~~~~~~~~~~~~~~~~~~~~~
    + CategoryInfo          : NotSpecified: (:String) [], RemoteException
    + FullyQualifiedErrorId : NativeCommandError
 
[31mΓÄ»ΓÄ»ΓÄ»ΓÄ»ΓÄ»ΓÄ»ΓÄ»[39m[1m[41m Failed Tests 5 
[49m[22m[31mΓÄ»ΓÄ»ΓÄ»ΓÄ»ΓÄ»ΓÄ»ΓÄ»[39m

[41m[1m FAIL [22m[49m apps/cli/src/cli.test.ts[2m > [22mrunner[2m > 
[22mruns full pipeline and produces generator output
[31m[1mAssertionError[22m: expected 81 to be 80 // Object.is equality[39m

[32m- Expected[39m
[31m+ Received[39m

[32m- 80[39m
[31m+ 81[39m

[36m [2mΓ¥»[22m apps/cli/src/cli.test.ts:[2m160:50[22m[39m
    [90m158|[39m     [34mexpect[39m(result[33m.[39melapsed_ms)[33m.[39m
[34mtoBeGreaterThanOrEqual[39m([34m0[39m)[33m;[39m
    [90m159|[39m     [34mexpect[39m(result[33m.[39mgenerator_result[33m.
[39mfiles[33m.[39mlength)[33m.[39m[34mtoBeGreaterThan[39m([34m0[39m)[
33m;[39m
    [90m160|[39m     [34mexpect[39m(result[33m.[39mgenerator_result[33m.
[39mfiles[33m.[39mlength)[33m.[39m[34mtoBe[39m([34m80[39m)[33m;[39m
    [90m   |[39m                                                  [31m^[39m
    [90m161|[39m   })[33m;[39m
    [90m162|[39m

[31m[2mΓÄ»ΓÄ»ΓÄ»ΓÄ»ΓÄ»ΓÄ»ΓÄ»ΓÄ»ΓÄ»ΓÄ»ΓÄ»ΓÄ»ΓÄ»ΓÄ»ΓÄ»ΓÄ»ΓÄ»ΓÄ»ΓÄ»ΓÄ»ΓÄ»ΓÄ»ΓÄ»Γ
Ä»[1/5]ΓÄ»[22m[39m

[41m[1m FAIL [22m[49m apps/cli/src/cli.test.ts[2m > [22mrunner[2m > 
[22mdetects monorepo project type
[31m[1mAssertionError[22m: expected 81 to be 80 // Object.is equality[39m

[32m- Expected[39m
[31m+ Received[39m

[32m- 80[39m
[31m+ 81[39m

[36m [2mΓ¥»[22m apps/cli/src/cli.test.ts:[2m219:50[22m[39m
    [90m217|[39m     [35mconst[39m result [33m=[39m 
[34mrun[39m(scan[33m,[39m [32m"/tmp/mono"[39m)[33m;[39m
    [90m218|[39m     [90m// The pipeline runs ΓÇö we can check it detected 
something[39m
    [90m219|[39m     [34mexpect[39m(result[33m.[39mgenerator_result[33m.
[39mfiles[33m.[39mlength)[33m.[39m[34mtoBe[39m([34m80[39m)[33m;[39m
    [90m   |[39m                                                  [31m^[39m
    [90m220|[39m   })[33m;[39m
    [90m221|[39m

[31m[2mΓÄ»ΓÄ»ΓÄ»ΓÄ»ΓÄ»ΓÄ»ΓÄ»ΓÄ»ΓÄ»ΓÄ»ΓÄ»ΓÄ»ΓÄ»ΓÄ»ΓÄ»ΓÄ»ΓÄ»ΓÄ»ΓÄ»ΓÄ»ΓÄ»ΓÄ»ΓÄ»Γ
Ä»[2/5]ΓÄ»[22m[39m

[41m[1m FAIL [22m[49m apps/cli/src/cli.test.ts[2m > [22mrunner[2m > 
[22mdetects Python frameworks from requirements.txt
[31m[1mAssertionError[22m: expected 81 to be 80 // Object.is equality[39m

[32m- Expected[39m
[31m+ Received[39m

[32m- 80[39m
[31m+ 81[39m

[36m [2mΓ¥»[22m apps/cli/src/cli.test.ts:[2m234:50[22m[39m
    [90m232|[39m     [35mconst[39m result [33m=[39m 
[34mrun[39m(scan[33m,[39m [32m"/tmp/django-app"[39m)[33m;[39m
    [90m233|[39m     [34mexpect[39m(result[33m.[39mproject_name)[33m.[3
9m[34mtoBe[39m([32m"django-app"[39m)[33m;[39m
    [90m234|[39m     [34mexpect[39m(result[33m.[39mgenerator_result[33m.
[39mfiles[33m.[39mlength)[33m.[39m[34mtoBe[39m([34m80[39m)[33m;[39m
    [90m   |[39m                                                  [31m^[39m
    [90m235|[39m   })[33m;[39m
    [90m236|[39m })[33m;[39m

[31m[2mΓÄ»ΓÄ»ΓÄ»ΓÄ»ΓÄ»ΓÄ»ΓÄ»ΓÄ»ΓÄ»ΓÄ»ΓÄ»ΓÄ»ΓÄ»ΓÄ»ΓÄ»ΓÄ»ΓÄ»ΓÄ»ΓÄ»ΓÄ»ΓÄ»ΓÄ»ΓÄ»Γ
Ä»[3/5]ΓÄ»[22m[39m

[41m[1m FAIL [22m[49m apps/cli/src/cli.test.ts[2m > [22mCLI 
integration[2m > [22mfull pipeline: scan ΓåÆ run ΓåÆ write
[31m[1mAssertionError[22m: expected 81 to be 80 // Object.is equality[39m

[32m- Expected[39m
[31m+ Received[39m

[32m- 80[39m
[31m+ 81[39m

[36m [2mΓ¥»[22m apps/cli/src/cli.test.ts:[2m331:50[22m[39m
    [90m329|[39m     [35mconst[39m result [33m=[39m 
[34mrun[39m(scan[33m,[39m inputDir)[33m;[39m
    [90m330|[39m     [34mexpect[39m(result[33m.[39mproject_name)[33m.[3
9m[34mtoBe[39m([32m"integration-test"[39m)[33m;[39m
    [90m331|[39m     [34mexpect[39m(result[33m.[39mgenerator_result[33m.
[39mfiles[33m.[39mlength)[33m.[39m[34mtoBe[39m([34m80[39m)[33m;[39m
    [90m   |[39m                                                  [31m^[39m
    [90m332|[39m
    [90m333|[39m     [90m// Write output[39m

[31m[2mΓÄ»ΓÄ»ΓÄ»ΓÄ»ΓÄ»ΓÄ»ΓÄ»ΓÄ»ΓÄ»ΓÄ»ΓÄ»ΓÄ»ΓÄ»ΓÄ»ΓÄ»ΓÄ»ΓÄ»ΓÄ»ΓÄ»ΓÄ»ΓÄ»ΓÄ»ΓÄ»Γ
Ä»[4/5]ΓÄ»[22m[39m

[41m[1m FAIL [22m[49m apps/cli/src/cli.test.ts[2m > [22mgithub via 
shared package[2m > [22mrun() accepts GitHubFetchResult-shaped scan input
[31m[1mAssertionError[22m: expected 81 to be 80 // Object.is equality[39m

[32m- Expected[39m
[31m+ Received[39m

[32m- 80[39m
[31m+ 81[39m

[36m [2mΓ¥»[22m apps/cli/src/cli.test.ts:[2m373:50[22m[39m
    [90m371|[39m     [35mconst[39m result [33m=[39m 
[34mrun[39m(githubScan[33m,[39m [32m"owner/repo"[39m)[33m;[39m
    [90m372|[39m     [34mexpect[39m(result[33m.[39mproject_name)[33m.[3
9m[34mtoBe[39m([32m"remote-test"[39m)[33m;[39m
    [90m373|[39m     [34mexpect[39m(result[33m.[39mgenerator_result[33m.
[39mfiles[33m.[39mlength)[33m.[39m[34mtoBe[39m([34m80[39m)[33m;[39m
    [90m   |[39m                                                  [31m^[39m
    [90m374|[39m     [34mexpect[39m(result[33m.[39melapsed_ms)[33m.[39m
[34mtoBeGreaterThanOrEqual[39m([34m0[39m)[33m;[39m
    [90m375|[39m   })[33m;[39m

[31m[2mΓÄ»ΓÄ»ΓÄ»ΓÄ»ΓÄ»ΓÄ»ΓÄ»ΓÄ»ΓÄ»ΓÄ»ΓÄ»ΓÄ»ΓÄ»ΓÄ»ΓÄ»ΓÄ»ΓÄ»ΓÄ»ΓÄ»ΓÄ»ΓÄ»ΓÄ»ΓÄ»Γ
Ä»[5/5]ΓÄ»[22m[39m


[2m Test Files [22m [1m[31m1 failed[39m[22m[90m (1)[39m
[2m      Tests [22m [1m[31m5 failed[39m[22m[2m | [22m[1m[32m17 passed[39m[22m[90m (22)[39m
[2m   Start at [22m 15:57:32
[2m   Duration [22m 3.48s[2m (transform 1.47s, setup 0ms, import 1.81s, tests 800ms, environment 1ms)[22m

